<?xml version="1.0" encoding="UTF-8"?>
<!-- Generated by org.testng.reporters.JUnitReportReporter -->
<testsuite skipped="0" hostname="DESKTOP-HVJL0U4" name="saucedemo.tugas2.WebTestUsingPOMManual" tests="1" failures="0" timestamp="19 Mar 2023 05:01:40 GMT" time="19.665" errors="0">
  <testcase name="testLogin" time="19.665" classname="saucedemo.tugas2.WebTestUsingPOMManual"/>
</testsuite> <!-- saucedemo.tugas2.WebTestUsingPOMManual -->
