<?xml version="1.0" encoding="UTF-8"?>
<testsuite xmlns:xsi="http://www.w3.org/2001/XMLSchema-instance" xsi:noNamespaceSchemaLocation="https://maven.apache.org/surefire/maven-surefire-plugin/xsd/surefire-test-report.xsd" name="TestSuite" time="6.847" tests="4" errors="0" skipped="0" failures="0">
  <properties>
    <property name="java.specification.version" value="17"/>
    <property name="sun.cpu.isalist" value="amd64"/>
    <property name="sun.jnu.encoding" value="Cp1252"/>
    <property name="java.class.path" value="E:\V\JKTLABS\coba\target\test-classes;E:\V\JKTLABS\coba\target\classes;C:\Users\alfit\.m2\repository\junit\junit\4.11\junit-4.11.jar;C:\Users\alfit\.m2\repository\org\hamcrest\hamcrest-core\1.3\hamcrest-core-1.3.jar;C:\Users\alfit\.m2\repository\org\json\json\20200518\json-20200518.jar;C:\Users\alfit\.m2\repository\org\seleniumhq\selenium\selenium-java\4.0.0-beta-3\selenium-java-4.0.0-beta-3.jar;C:\Users\alfit\.m2\repository\org\seleniumhq\selenium\selenium-api\4.0.0-beta-3\selenium-api-4.0.0-beta-3.jar;C:\Users\alfit\.m2\repository\org\seleniumhq\selenium\selenium-devtools-v85\4.0.0-beta-3\selenium-devtools-v85-4.0.0-beta-3.jar;C:\Users\alfit\.m2\repository\org\seleniumhq\selenium\selenium-devtools-v88\4.0.0-beta-3\selenium-devtools-v88-4.0.0-beta-3.jar;C:\Users\alfit\.m2\repository\org\seleniumhq\selenium\selenium-devtools-v89\4.0.0-beta-3\selenium-devtools-v89-4.0.0-beta-3.jar;C:\Users\alfit\.m2\repository\org\seleniumhq\selenium\selenium-devtools-v90\4.0.0-beta-3\selenium-devtools-v90-4.0.0-beta-3.jar;C:\Users\alfit\.m2\repository\org\seleniumhq\selenium\selenium-devtools-v91\4.0.0-beta-3\selenium-devtools-v91-4.0.0-beta-3.jar;C:\Users\alfit\.m2\repository\org\seleniumhq\selenium\selenium-edge-driver\4.0.0-beta-3\selenium-edge-driver-4.0.0-beta-3.jar;C:\Users\alfit\.m2\repository\org\seleniumhq\selenium\selenium-firefox-driver\4.0.0-beta-3\selenium-firefox-driver-4.0.0-beta-3.jar;C:\Users\alfit\.m2\repository\org\seleniumhq\selenium\selenium-firefox-xpi-driver\4.0.0-beta-3\selenium-firefox-xpi-driver-4.0.0-beta-3.jar;C:\Users\alfit\.m2\repository\org\seleniumhq\selenium\selenium-ie-driver\4.0.0-beta-3\selenium-ie-driver-4.0.0-beta-3.jar;C:\Users\alfit\.m2\repository\org\seleniumhq\selenium\selenium-opera-driver\4.0.0-beta-3\selenium-opera-driver-4.0.0-beta-3.jar;C:\Users\alfit\.m2\repository\org\seleniumhq\selenium\selenium-remote-driver\4.0.0-beta-3\selenium-remote-driver-4.0.0-beta-3.jar;C:\Users\alfit\.m2\repository\io\netty\netty-buffer\4.1.58.Final\netty-buffer-4.1.58.Final.jar;C:\Users\alfit\.m2\repository\io\netty\netty-codec-http\4.1.58.Final\netty-codec-http-4.1.58.Final.jar;C:\Users\alfit\.m2\repository\io\netty\netty-codec\4.1.58.Final\netty-codec-4.1.58.Final.jar;C:\Users\alfit\.m2\repository\io\netty\netty-handler\4.1.58.Final\netty-handler-4.1.58.Final.jar;C:\Users\alfit\.m2\repository\io\netty\netty-common\4.1.58.Final\netty-common-4.1.58.Final.jar;C:\Users\alfit\.m2\repository\io\netty\netty-transport-native-epoll\4.1.58.Final\netty-transport-native-epoll-4.1.58.Final.jar;C:\Users\alfit\.m2\repository\io\netty\netty-transport-native-kqueue\4.1.58.Final\netty-transport-native-kqueue-4.1.58.Final.jar;C:\Users\alfit\.m2\repository\io\netty\netty-transport-native-unix-common\4.1.58.Final\netty-transport-native-unix-common-4.1.58.Final.jar;C:\Users\alfit\.m2\repository\io\netty\netty-transport\4.1.58.Final\netty-transport-4.1.58.Final.jar;C:\Users\alfit\.m2\repository\io\netty\netty-resolver\4.1.58.Final\netty-resolver-4.1.58.Final.jar;C:\Users\alfit\.m2\repository\io\opentelemetry\opentelemetry-api\1.0.0\opentelemetry-api-1.0.0.jar;C:\Users\alfit\.m2\repository\io\opentelemetry\opentelemetry-context\1.0.0\opentelemetry-context-1.0.0.jar;C:\Users\alfit\.m2\repository\io\opentelemetry\opentelemetry-exporter-logging\1.0.0\opentelemetry-exporter-logging-1.0.0.jar;C:\Users\alfit\.m2\repository\io\opentelemetry\opentelemetry-sdk-metrics\1.0.0-alpha\opentelemetry-sdk-metrics-1.0.0-alpha.jar;C:\Users\alfit\.m2\repository\io\opentelemetry\opentelemetry-sdk-common\1.0.0\opentelemetry-sdk-common-1.0.0.jar;C:\Users\alfit\.m2\repository\io\opentelemetry\opentelemetry-sdk-extension-autoconfigure\1.0.0-alpha\opentelemetry-sdk-extension-autoconfigure-1.0.0-alpha.jar;C:\Users\alfit\.m2\repository\io\opentelemetry\opentelemetry-sdk-trace\1.0.0\opentelemetry-sdk-trace-1.0.0.jar;C:\Users\alfit\.m2\repository\io\opentelemetry\opentelemetry-api-metrics\1.0.0-alpha\opentelemetry-api-metrics-1.0.0-alpha.jar;C:\Users\alfit\.m2\repository\io\opentelemetry\opentelemetry-sdk\1.0.0\opentelemetry-sdk-1.0.0.jar;C:\Users\alfit\.m2\repository\io\opentelemetry\opentelemetry-semconv\1.0.0-alpha\opentelemetry-semconv-1.0.0-alpha.jar;C:\Users\alfit\.m2\repository\net\bytebuddy\byte-buddy\1.10.19\byte-buddy-1.10.19.jar;C:\Users\alfit\.m2\repository\org\apache\commons\commons-exec\1.3\commons-exec-1.3.jar;C:\Users\alfit\.m2\repository\org\asynchttpclient\async-http-client\2.12.2\async-http-client-2.12.2.jar;C:\Users\alfit\.m2\repository\org\asynchttpclient\async-http-client-netty-utils\2.12.2\async-http-client-netty-utils-2.12.2.jar;C:\Users\alfit\.m2\repository\io\netty\netty-codec-socks\4.1.53.Final\netty-codec-socks-4.1.53.Final.jar;C:\Users\alfit\.m2\repository\io\netty\netty-handler-proxy\4.1.53.Final\netty-handler-proxy-4.1.53.Final.jar;C:\Users\alfit\.m2\repository\io\netty\netty-transport-native-epoll\4.1.53.Final\netty-transport-native-epoll-4.1.53.Final-linux-x86_64.jar;C:\Users\alfit\.m2\repository\io\netty\netty-transport-native-kqueue\4.1.53.Final\netty-transport-native-kqueue-4.1.53.Final-osx-x86_64.jar;C:\Users\alfit\.m2\repository\org\reactivestreams\reactive-streams\1.0.3\reactive-streams-1.0.3.jar;C:\Users\alfit\.m2\repository\com\typesafe\netty\netty-reactive-streams\2.0.4\netty-reactive-streams-2.0.4.jar;C:\Users\alfit\.m2\repository\com\sun\activation\jakarta.activation\1.2.2\jakarta.activation-1.2.2.jar;C:\Users\alfit\.m2\repository\org\seleniumhq\selenium\selenium-safari-driver\4.0.0-beta-3\selenium-safari-driver-4.0.0-beta-3.jar;C:\Users\alfit\.m2\repository\org\seleniumhq\selenium\selenium-support\4.0.0-beta-3\selenium-support-4.0.0-beta-3.jar;C:\Users\alfit\.m2\repository\org\seleniumhq\selenium\selenium-chrome-driver\4.0.0-beta-3\selenium-chrome-driver-4.0.0-beta-3.jar;C:\Users\alfit\.m2\repository\com\google\auto\service\auto-service-annotations\1.0-rc7\auto-service-annotations-1.0-rc7.jar;C:\Users\alfit\.m2\repository\com\google\auto\service\auto-service\1.0-rc7\auto-service-1.0-rc7.jar;C:\Users\alfit\.m2\repository\com\google\auto\auto-common\0.10\auto-common-0.10.jar;C:\Users\alfit\.m2\repository\com\google\guava\guava\30.1-jre\guava-30.1-jre.jar;C:\Users\alfit\.m2\repository\com\google\guava\failureaccess\1.0.1\failureaccess-1.0.1.jar;C:\Users\alfit\.m2\repository\com\google\guava\listenablefuture\9999.0-empty-to-avoid-conflict-with-guava\listenablefuture-9999.0-empty-to-avoid-conflict-with-guava.jar;C:\Users\alfit\.m2\repository\com\google\code\findbugs\jsr305\3.0.2\jsr305-3.0.2.jar;C:\Users\alfit\.m2\repository\org\checkerframework\checker-qual\3.5.0\checker-qual-3.5.0.jar;C:\Users\alfit\.m2\repository\com\google\errorprone\error_prone_annotations\2.3.4\error_prone_annotations-2.3.4.jar;C:\Users\alfit\.m2\repository\com\google\j2objc\j2objc-annotations\1.3\j2objc-annotations-1.3.jar;C:\Users\alfit\.m2\repository\org\seleniumhq\selenium\selenium-chromium-driver\4.0.0-beta-3\selenium-chromium-driver-4.0.0-beta-3.jar;C:\Users\alfit\.m2\repository\org\seleniumhq\selenium\selenium-devtools\4.0.0-beta-3\selenium-devtools-4.0.0-beta-3.jar;C:\Users\alfit\.m2\repository\org\seleniumhq\selenium\selenium-http\4.0.0-beta-3\selenium-http-4.0.0-beta-3.jar;C:\Users\alfit\.m2\repository\org\seleniumhq\selenium\selenium-json\4.0.0-beta-3\selenium-json-4.0.0-beta-3.jar;C:\Users\alfit\.m2\repository\io\github\bonigarcia\webdrivermanager\5.2.1\webdrivermanager-5.2.1.jar;C:\Users\alfit\.m2\repository\org\slf4j\slf4j-api\1.7.36\slf4j-api-1.7.36.jar;C:\Users\alfit\.m2\repository\com\github\docker-java\docker-java\3.2.13\docker-java-3.2.13.jar;C:\Users\alfit\.m2\repository\com\github\docker-java\docker-java-core\3.2.13\docker-java-core-3.2.13.jar;C:\Users\alfit\.m2\repository\com\github\docker-java\docker-java-api\3.2.13\docker-java-api-3.2.13.jar;C:\Users\alfit\.m2\repository\com\fasterxml\jackson\core\jackson-annotations\2.10.3\jackson-annotations-2.10.3.jar;C:\Users\alfit\.m2\repository\org\apache\commons\commons-compress\1.21\commons-compress-1.21.jar;C:\Users\alfit\.m2\repository\com\fasterxml\jackson\core\jackson-databind\2.10.3\jackson-databind-2.10.3.jar;C:\Users\alfit\.m2\repository\com\fasterxml\jackson\core\jackson-core\2.10.3\jackson-core-2.10.3.jar;C:\Users\alfit\.m2\repository\org\bouncycastle\bcpkix-jdk15on\1.64\bcpkix-jdk15on-1.64.jar;C:\Users\alfit\.m2\repository\org\bouncycastle\bcprov-jdk15on\1.64\bcprov-jdk15on-1.64.jar;C:\Users\alfit\.m2\repository\org\slf4j\jcl-over-slf4j\1.7.30\jcl-over-slf4j-1.7.30.jar;C:\Users\alfit\.m2\repository\com\github\docker-java\docker-java-transport-httpclient5\3.2.13\docker-java-transport-httpclient5-3.2.13.jar;C:\Users\alfit\.m2\repository\com\github\docker-java\docker-java-transport\3.2.13\docker-java-transport-3.2.13.jar;C:\Users\alfit\.m2\repository\net\java\dev\jna\jna\5.8.0\jna-5.8.0.jar;C:\Users\alfit\.m2\repository\org\brotli\dec\0.1.2\dec-0.1.2.jar;C:\Users\alfit\.m2\repository\org\apache\commons\commons-lang3\3.12.0\commons-lang3-3.12.0.jar;C:\Users\alfit\.m2\repository\org\apache\httpcomponents\client5\httpclient5\5.1.3\httpclient5-5.1.3.jar;C:\Users\alfit\.m2\repository\org\apache\httpcomponents\core5\httpcore5\5.1.3\httpcore5-5.1.3.jar;C:\Users\alfit\.m2\repository\org\apache\httpcomponents\core5\httpcore5-h2\5.1.3\httpcore5-h2-5.1.3.jar;C:\Users\alfit\.m2\repository\commons-codec\commons-codec\1.15\commons-codec-1.15.jar;C:\Users\alfit\.m2\repository\com\github\javafaker\javafaker\1.0.2\javafaker-1.0.2.jar;C:\Users\alfit\.m2\repository\org\yaml\snakeyaml\1.23\snakeyaml-1.23-android.jar;C:\Users\alfit\.m2\repository\com\github\mifmif\generex\1.0.2\generex-1.0.2.jar;C:\Users\alfit\.m2\repository\dk\brics\automaton\automaton\1.11-8\automaton-1.11-8.jar;C:\Users\alfit\.m2\repository\org\testng\testng\6.14.3\testng-6.14.3.jar;C:\Users\alfit\.m2\repository\com\beust\jcommander\1.72\jcommander-1.72.jar;C:\Users\alfit\.m2\repository\org\apache-extras\beanshell\bsh\2.0b6\bsh-2.0b6.jar;C:\Users\alfit\.m2\repository\com\codoid\products\fillo\1.21\fillo-1.21.jar;C:\Users\alfit\.m2\repository\io\rest-assured\rest-assured\4.4.0\rest-assured-4.4.0.jar;C:\Users\alfit\.m2\repository\org\codehaus\groovy\groovy\3.0.8\groovy-3.0.8.jar;C:\Users\alfit\.m2\repository\org\codehaus\groovy\groovy-xml\3.0.8\groovy-xml-3.0.8.jar;C:\Users\alfit\.m2\repository\org\apache\httpcomponents\httpclient\4.5.13\httpclient-4.5.13.jar;C:\Users\alfit\.m2\repository\org\apache\httpcomponents\httpcore\4.4.13\httpcore-4.4.13.jar;C:\Users\alfit\.m2\repository\commons-logging\commons-logging\1.2\commons-logging-1.2.jar;C:\Users\alfit\.m2\repository\org\apache\httpcomponents\httpmime\4.5.13\httpmime-4.5.13.jar;C:\Users\alfit\.m2\repository\org\hamcrest\hamcrest\2.1\hamcrest-2.1.jar;C:\Users\alfit\.m2\repository\org\ccil\cowan\tagsoup\tagsoup\1.2.1\tagsoup-1.2.1.jar;C:\Users\alfit\.m2\repository\io\rest-assured\json-path\4.4.0\json-path-4.4.0.jar;C:\Users\alfit\.m2\repository\org\codehaus\groovy\groovy-json\3.0.8\groovy-json-3.0.8.jar;C:\Users\alfit\.m2\repository\io\rest-assured\rest-assured-common\4.4.0\rest-assured-common-4.4.0.jar;C:\Users\alfit\.m2\repository\io\rest-assured\xml-path\4.4.0\xml-path-4.4.0.jar;C:\Users\alfit\.m2\repository\jakarta\xml\bind\jakarta.xml.bind-api\2.3.3\jakarta.xml.bind-api-2.3.3.jar;C:\Users\alfit\.m2\repository\jakarta\activation\jakarta.activation-api\1.2.2\jakarta.activation-api-1.2.2.jar;C:\Users\alfit\.m2\repository\com\sun\xml\bind\jaxb-impl\2.3.3\jaxb-impl-2.3.3.jar;C:\Users\alfit\.m2\repository\com\google\code\gson\gson\2.8.7\gson-2.8.7.jar;C:\Users\alfit\.m2\repository\io\rest-assured\json-schema-validator\4.4.0\json-schema-validator-4.4.0.jar;C:\Users\alfit\.m2\repository\com\github\java-json-tools\json-schema-validator\2.2.14\json-schema-validator-2.2.14.jar;C:\Users\alfit\.m2\repository\com\github\java-json-tools\jackson-coreutils-equivalence\1.0\jackson-coreutils-equivalence-1.0.jar;C:\Users\alfit\.m2\repository\com\github\java-json-tools\jackson-coreutils\2.0\jackson-coreutils-2.0.jar;C:\Users\alfit\.m2\repository\com\github\java-json-tools\msg-simple\1.2\msg-simple-1.2.jar;C:\Users\alfit\.m2\repository\com\github\java-json-tools\btf\1.3\btf-1.3.jar;C:\Users\alfit\.m2\repository\com\github\java-json-tools\json-schema-core\1.2.14\json-schema-core-1.2.14.jar;C:\Users\alfit\.m2\repository\com\github\java-json-tools\uri-template\0.10\uri-template-0.10.jar;C:\Users\alfit\.m2\repository\org\mozilla\rhino\1.7.7.2\rhino-1.7.7.2.jar;C:\Users\alfit\.m2\repository\com\sun\mail\mailapi\1.6.2\mailapi-1.6.2.jar;C:\Users\alfit\.m2\repository\joda-time\joda-time\2.10.5\joda-time-2.10.5.jar;C:\Users\alfit\.m2\repository\com\googlecode\libphonenumber\libphonenumber\8.11.1\libphonenumber-8.11.1.jar;C:\Users\alfit\.m2\repository\net\sf\jopt-simple\jopt-simple\5.0.4\jopt-simple-5.0.4.jar;C:\Users\alfit\.m2\repository\io\qameta\allure\allure-testng\2.7.0\allure-testng-2.7.0.jar;C:\Users\alfit\.m2\repository\io\qameta\allure\allure-descriptions-javadoc\2.7.0\allure-descriptions-javadoc-2.7.0.jar;C:\Users\alfit\.m2\repository\commons-io\commons-io\2.6\commons-io-2.6.jar;C:\Users\alfit\.m2\repository\io\qameta\allure\allure-java-commons\2.7.0\allure-java-commons-2.7.0.jar;C:\Users\alfit\.m2\repository\io\qameta\allure\allure2-model-api\1.0.0\allure2-model-api-1.0.0.jar;C:\Users\alfit\.m2\repository\io\qameta\allure\allure2-model-pojo\1.0.0\allure2-model-pojo-1.0.0.jar;C:\Users\alfit\.m2\repository\org\apache\tika\tika-core\1.14\tika-core-1.14.jar;C:\Users\alfit\.m2\repository\io\qameta\allure\allure2-model-jackson\1.0.0\allure2-model-jackson-1.0.0.jar;C:\Users\alfit\.m2\repository\com\fasterxml\jackson\module\jackson-module-jaxb-annotations\2.7.0\jackson-module-jaxb-annotations-2.7.0.jar;C:\Users\alfit\.m2\repository\org\aspectj\aspectjrt\1.9.1\aspectjrt-1.9.1.jar;C:\Users\alfit\.m2\repository\org\jooq\joor-java-8\0.9.9\joor-java-8-0.9.9.jar;"/>
    <property name="java.vm.vendor" value="Eclipse Adoptium"/>
    <property name="sun.arch.data.model" value="64"/>
    <property name="user.variant" value=""/>
    <property name="java.vendor.url" value="https://adoptium.net/"/>
    <property name="user.timezone" value="Asia/Bangkok"/>
    <property name="os.name" value="Windows 10"/>
    <property name="java.vm.specification.version" value="17"/>
    <property name="sun.java.launcher" value="SUN_STANDARD"/>
    <property name="user.country" value="US"/>
    <property name="sun.boot.library.path" value="C:\Users\alfit\.p2\pool\plugins\org.eclipse.justj.openjdk.hotspot.jre.full.win32.x86_64_17.0.6.v20230204-1729\jre\bin"/>
    <property name="sun.java.command" value="C:\Users\alfit\AppData\Local\Temp\surefire4835473343359846610\surefirebooter175389753809412298.jar C:\Users\alfit\AppData\Local\Temp\surefire4835473343359846610 2023-03-25T13-30-56_844-jvmRun1 surefire8153731247196708298tmp surefire_011995784000123558342tmp"/>
    <property name="jdk.debug" value="release"/>
    <property name="surefire.test.class.path" value="E:\V\JKTLABS\coba\target\test-classes;E:\V\JKTLABS\coba\target\classes;C:\Users\alfit\.m2\repository\junit\junit\4.11\junit-4.11.jar;C:\Users\alfit\.m2\repository\org\hamcrest\hamcrest-core\1.3\hamcrest-core-1.3.jar;C:\Users\alfit\.m2\repository\org\json\json\20200518\json-20200518.jar;C:\Users\alfit\.m2\repository\org\seleniumhq\selenium\selenium-java\4.0.0-beta-3\selenium-java-4.0.0-beta-3.jar;C:\Users\alfit\.m2\repository\org\seleniumhq\selenium\selenium-api\4.0.0-beta-3\selenium-api-4.0.0-beta-3.jar;C:\Users\alfit\.m2\repository\org\seleniumhq\selenium\selenium-devtools-v85\4.0.0-beta-3\selenium-devtools-v85-4.0.0-beta-3.jar;C:\Users\alfit\.m2\repository\org\seleniumhq\selenium\selenium-devtools-v88\4.0.0-beta-3\selenium-devtools-v88-4.0.0-beta-3.jar;C:\Users\alfit\.m2\repository\org\seleniumhq\selenium\selenium-devtools-v89\4.0.0-beta-3\selenium-devtools-v89-4.0.0-beta-3.jar;C:\Users\alfit\.m2\repository\org\seleniumhq\selenium\selenium-devtools-v90\4.0.0-beta-3\selenium-devtools-v90-4.0.0-beta-3.jar;C:\Users\alfit\.m2\repository\org\seleniumhq\selenium\selenium-devtools-v91\4.0.0-beta-3\selenium-devtools-v91-4.0.0-beta-3.jar;C:\Users\alfit\.m2\repository\org\seleniumhq\selenium\selenium-edge-driver\4.0.0-beta-3\selenium-edge-driver-4.0.0-beta-3.jar;C:\Users\alfit\.m2\repository\org\seleniumhq\selenium\selenium-firefox-driver\4.0.0-beta-3\selenium-firefox-driver-4.0.0-beta-3.jar;C:\Users\alfit\.m2\repository\org\seleniumhq\selenium\selenium-firefox-xpi-driver\4.0.0-beta-3\selenium-firefox-xpi-driver-4.0.0-beta-3.jar;C:\Users\alfit\.m2\repository\org\seleniumhq\selenium\selenium-ie-driver\4.0.0-beta-3\selenium-ie-driver-4.0.0-beta-3.jar;C:\Users\alfit\.m2\repository\org\seleniumhq\selenium\selenium-opera-driver\4.0.0-beta-3\selenium-opera-driver-4.0.0-beta-3.jar;C:\Users\alfit\.m2\repository\org\seleniumhq\selenium\selenium-remote-driver\4.0.0-beta-3\selenium-remote-driver-4.0.0-beta-3.jar;C:\Users\alfit\.m2\repository\io\netty\netty-buffer\4.1.58.Final\netty-buffer-4.1.58.Final.jar;C:\Users\alfit\.m2\repository\io\netty\netty-codec-http\4.1.58.Final\netty-codec-http-4.1.58.Final.jar;C:\Users\alfit\.m2\repository\io\netty\netty-codec\4.1.58.Final\netty-codec-4.1.58.Final.jar;C:\Users\alfit\.m2\repository\io\netty\netty-handler\4.1.58.Final\netty-handler-4.1.58.Final.jar;C:\Users\alfit\.m2\repository\io\netty\netty-common\4.1.58.Final\netty-common-4.1.58.Final.jar;C:\Users\alfit\.m2\repository\io\netty\netty-transport-native-epoll\4.1.58.Final\netty-transport-native-epoll-4.1.58.Final.jar;C:\Users\alfit\.m2\repository\io\netty\netty-transport-native-kqueue\4.1.58.Final\netty-transport-native-kqueue-4.1.58.Final.jar;C:\Users\alfit\.m2\repository\io\netty\netty-transport-native-unix-common\4.1.58.Final\netty-transport-native-unix-common-4.1.58.Final.jar;C:\Users\alfit\.m2\repository\io\netty\netty-transport\4.1.58.Final\netty-transport-4.1.58.Final.jar;C:\Users\alfit\.m2\repository\io\netty\netty-resolver\4.1.58.Final\netty-resolver-4.1.58.Final.jar;C:\Users\alfit\.m2\repository\io\opentelemetry\opentelemetry-api\1.0.0\opentelemetry-api-1.0.0.jar;C:\Users\alfit\.m2\repository\io\opentelemetry\opentelemetry-context\1.0.0\opentelemetry-context-1.0.0.jar;C:\Users\alfit\.m2\repository\io\opentelemetry\opentelemetry-exporter-logging\1.0.0\opentelemetry-exporter-logging-1.0.0.jar;C:\Users\alfit\.m2\repository\io\opentelemetry\opentelemetry-sdk-metrics\1.0.0-alpha\opentelemetry-sdk-metrics-1.0.0-alpha.jar;C:\Users\alfit\.m2\repository\io\opentelemetry\opentelemetry-sdk-common\1.0.0\opentelemetry-sdk-common-1.0.0.jar;C:\Users\alfit\.m2\repository\io\opentelemetry\opentelemetry-sdk-extension-autoconfigure\1.0.0-alpha\opentelemetry-sdk-extension-autoconfigure-1.0.0-alpha.jar;C:\Users\alfit\.m2\repository\io\opentelemetry\opentelemetry-sdk-trace\1.0.0\opentelemetry-sdk-trace-1.0.0.jar;C:\Users\alfit\.m2\repository\io\opentelemetry\opentelemetry-api-metrics\1.0.0-alpha\opentelemetry-api-metrics-1.0.0-alpha.jar;C:\Users\alfit\.m2\repository\io\opentelemetry\opentelemetry-sdk\1.0.0\opentelemetry-sdk-1.0.0.jar;C:\Users\alfit\.m2\repository\io\opentelemetry\opentelemetry-semconv\1.0.0-alpha\opentelemetry-semconv-1.0.0-alpha.jar;C:\Users\alfit\.m2\repository\net\bytebuddy\byte-buddy\1.10.19\byte-buddy-1.10.19.jar;C:\Users\alfit\.m2\repository\org\apache\commons\commons-exec\1.3\commons-exec-1.3.jar;C:\Users\alfit\.m2\repository\org\asynchttpclient\async-http-client\2.12.2\async-http-client-2.12.2.jar;C:\Users\alfit\.m2\repository\org\asynchttpclient\async-http-client-netty-utils\2.12.2\async-http-client-netty-utils-2.12.2.jar;C:\Users\alfit\.m2\repository\io\netty\netty-codec-socks\4.1.53.Final\netty-codec-socks-4.1.53.Final.jar;C:\Users\alfit\.m2\repository\io\netty\netty-handler-proxy\4.1.53.Final\netty-handler-proxy-4.1.53.Final.jar;C:\Users\alfit\.m2\repository\io\netty\netty-transport-native-epoll\4.1.53.Final\netty-transport-native-epoll-4.1.53.Final-linux-x86_64.jar;C:\Users\alfit\.m2\repository\io\netty\netty-transport-native-kqueue\4.1.53.Final\netty-transport-native-kqueue-4.1.53.Final-osx-x86_64.jar;C:\Users\alfit\.m2\repository\org\reactivestreams\reactive-streams\1.0.3\reactive-streams-1.0.3.jar;C:\Users\alfit\.m2\repository\com\typesafe\netty\netty-reactive-streams\2.0.4\netty-reactive-streams-2.0.4.jar;C:\Users\alfit\.m2\repository\com\sun\activation\jakarta.activation\1.2.2\jakarta.activation-1.2.2.jar;C:\Users\alfit\.m2\repository\org\seleniumhq\selenium\selenium-safari-driver\4.0.0-beta-3\selenium-safari-driver-4.0.0-beta-3.jar;C:\Users\alfit\.m2\repository\org\seleniumhq\selenium\selenium-support\4.0.0-beta-3\selenium-support-4.0.0-beta-3.jar;C:\Users\alfit\.m2\repository\org\seleniumhq\selenium\selenium-chrome-driver\4.0.0-beta-3\selenium-chrome-driver-4.0.0-beta-3.jar;C:\Users\alfit\.m2\repository\com\google\auto\service\auto-service-annotations\1.0-rc7\auto-service-annotations-1.0-rc7.jar;C:\Users\alfit\.m2\repository\com\google\auto\service\auto-service\1.0-rc7\auto-service-1.0-rc7.jar;C:\Users\alfit\.m2\repository\com\google\auto\auto-common\0.10\auto-common-0.10.jar;C:\Users\alfit\.m2\repository\com\google\guava\guava\30.1-jre\guava-30.1-jre.jar;C:\Users\alfit\.m2\repository\com\google\guava\failureaccess\1.0.1\failureaccess-1.0.1.jar;C:\Users\alfit\.m2\repository\com\google\guava\listenablefuture\9999.0-empty-to-avoid-conflict-with-guava\listenablefuture-9999.0-empty-to-avoid-conflict-with-guava.jar;C:\Users\alfit\.m2\repository\com\google\code\findbugs\jsr305\3.0.2\jsr305-3.0.2.jar;C:\Users\alfit\.m2\repository\org\checkerframework\checker-qual\3.5.0\checker-qual-3.5.0.jar;C:\Users\alfit\.m2\repository\com\google\errorprone\error_prone_annotations\2.3.4\error_prone_annotations-2.3.4.jar;C:\Users\alfit\.m2\repository\com\google\j2objc\j2objc-annotations\1.3\j2objc-annotations-1.3.jar;C:\Users\alfit\.m2\repository\org\seleniumhq\selenium\selenium-chromium-driver\4.0.0-beta-3\selenium-chromium-driver-4.0.0-beta-3.jar;C:\Users\alfit\.m2\repository\org\seleniumhq\selenium\selenium-devtools\4.0.0-beta-3\selenium-devtools-4.0.0-beta-3.jar;C:\Users\alfit\.m2\repository\org\seleniumhq\selenium\selenium-http\4.0.0-beta-3\selenium-http-4.0.0-beta-3.jar;C:\Users\alfit\.m2\repository\org\seleniumhq\selenium\selenium-json\4.0.0-beta-3\selenium-json-4.0.0-beta-3.jar;C:\Users\alfit\.m2\repository\io\github\bonigarcia\webdrivermanager\5.2.1\webdrivermanager-5.2.1.jar;C:\Users\alfit\.m2\repository\org\slf4j\slf4j-api\1.7.36\slf4j-api-1.7.36.jar;C:\Users\alfit\.m2\repository\com\github\docker-java\docker-java\3.2.13\docker-java-3.2.13.jar;C:\Users\alfit\.m2\repository\com\github\docker-java\docker-java-core\3.2.13\docker-java-core-3.2.13.jar;C:\Users\alfit\.m2\repository\com\github\docker-java\docker-java-api\3.2.13\docker-java-api-3.2.13.jar;C:\Users\alfit\.m2\repository\com\fasterxml\jackson\core\jackson-annotations\2.10.3\jackson-annotations-2.10.3.jar;C:\Users\alfit\.m2\repository\org\apache\commons\commons-compress\1.21\commons-compress-1.21.jar;C:\Users\alfit\.m2\repository\com\fasterxml\jackson\core\jackson-databind\2.10.3\jackson-databind-2.10.3.jar;C:\Users\alfit\.m2\repository\com\fasterxml\jackson\core\jackson-core\2.10.3\jackson-core-2.10.3.jar;C:\Users\alfit\.m2\repository\org\bouncycastle\bcpkix-jdk15on\1.64\bcpkix-jdk15on-1.64.jar;C:\Users\alfit\.m2\repository\org\bouncycastle\bcprov-jdk15on\1.64\bcprov-jdk15on-1.64.jar;C:\Users\alfit\.m2\repository\org\slf4j\jcl-over-slf4j\1.7.30\jcl-over-slf4j-1.7.30.jar;C:\Users\alfit\.m2\repository\com\github\docker-java\docker-java-transport-httpclient5\3.2.13\docker-java-transport-httpclient5-3.2.13.jar;C:\Users\alfit\.m2\repository\com\github\docker-java\docker-java-transport\3.2.13\docker-java-transport-3.2.13.jar;C:\Users\alfit\.m2\repository\net\java\dev\jna\jna\5.8.0\jna-5.8.0.jar;C:\Users\alfit\.m2\repository\org\brotli\dec\0.1.2\dec-0.1.2.jar;C:\Users\alfit\.m2\repository\org\apache\commons\commons-lang3\3.12.0\commons-lang3-3.12.0.jar;C:\Users\alfit\.m2\repository\org\apache\httpcomponents\client5\httpclient5\5.1.3\httpclient5-5.1.3.jar;C:\Users\alfit\.m2\repository\org\apache\httpcomponents\core5\httpcore5\5.1.3\httpcore5-5.1.3.jar;C:\Users\alfit\.m2\repository\org\apache\httpcomponents\core5\httpcore5-h2\5.1.3\httpcore5-h2-5.1.3.jar;C:\Users\alfit\.m2\repository\commons-codec\commons-codec\1.15\commons-codec-1.15.jar;C:\Users\alfit\.m2\repository\com\github\javafaker\javafaker\1.0.2\javafaker-1.0.2.jar;C:\Users\alfit\.m2\repository\org\yaml\snakeyaml\1.23\snakeyaml-1.23-android.jar;C:\Users\alfit\.m2\repository\com\github\mifmif\generex\1.0.2\generex-1.0.2.jar;C:\Users\alfit\.m2\repository\dk\brics\automaton\automaton\1.11-8\automaton-1.11-8.jar;C:\Users\alfit\.m2\repository\org\testng\testng\6.14.3\testng-6.14.3.jar;C:\Users\alfit\.m2\repository\com\beust\jcommander\1.72\jcommander-1.72.jar;C:\Users\alfit\.m2\repository\org\apache-extras\beanshell\bsh\2.0b6\bsh-2.0b6.jar;C:\Users\alfit\.m2\repository\com\codoid\products\fillo\1.21\fillo-1.21.jar;C:\Users\alfit\.m2\repository\io\rest-assured\rest-assured\4.4.0\rest-assured-4.4.0.jar;C:\Users\alfit\.m2\repository\org\codehaus\groovy\groovy\3.0.8\groovy-3.0.8.jar;C:\Users\alfit\.m2\repository\org\codehaus\groovy\groovy-xml\3.0.8\groovy-xml-3.0.8.jar;C:\Users\alfit\.m2\repository\org\apache\httpcomponents\httpclient\4.5.13\httpclient-4.5.13.jar;C:\Users\alfit\.m2\repository\org\apache\httpcomponents\httpcore\4.4.13\httpcore-4.4.13.jar;C:\Users\alfit\.m2\repository\commons-logging\commons-logging\1.2\commons-logging-1.2.jar;C:\Users\alfit\.m2\repository\org\apache\httpcomponents\httpmime\4.5.13\httpmime-4.5.13.jar;C:\Users\alfit\.m2\repository\org\hamcrest\hamcrest\2.1\hamcrest-2.1.jar;C:\Users\alfit\.m2\repository\org\ccil\cowan\tagsoup\tagsoup\1.2.1\tagsoup-1.2.1.jar;C:\Users\alfit\.m2\repository\io\rest-assured\json-path\4.4.0\json-path-4.4.0.jar;C:\Users\alfit\.m2\repository\org\codehaus\groovy\groovy-json\3.0.8\groovy-json-3.0.8.jar;C:\Users\alfit\.m2\repository\io\rest-assured\rest-assured-common\4.4.0\rest-assured-common-4.4.0.jar;C:\Users\alfit\.m2\repository\io\rest-assured\xml-path\4.4.0\xml-path-4.4.0.jar;C:\Users\alfit\.m2\repository\jakarta\xml\bind\jakarta.xml.bind-api\2.3.3\jakarta.xml.bind-api-2.3.3.jar;C:\Users\alfit\.m2\repository\jakarta\activation\jakarta.activation-api\1.2.2\jakarta.activation-api-1.2.2.jar;C:\Users\alfit\.m2\repository\com\sun\xml\bind\jaxb-impl\2.3.3\jaxb-impl-2.3.3.jar;C:\Users\alfit\.m2\repository\com\google\code\gson\gson\2.8.7\gson-2.8.7.jar;C:\Users\alfit\.m2\repository\io\rest-assured\json-schema-validator\4.4.0\json-schema-validator-4.4.0.jar;C:\Users\alfit\.m2\repository\com\github\java-json-tools\json-schema-validator\2.2.14\json-schema-validator-2.2.14.jar;C:\Users\alfit\.m2\repository\com\github\java-json-tools\jackson-coreutils-equivalence\1.0\jackson-coreutils-equivalence-1.0.jar;C:\Users\alfit\.m2\repository\com\github\java-json-tools\jackson-coreutils\2.0\jackson-coreutils-2.0.jar;C:\Users\alfit\.m2\repository\com\github\java-json-tools\msg-simple\1.2\msg-simple-1.2.jar;C:\Users\alfit\.m2\repository\com\github\java-json-tools\btf\1.3\btf-1.3.jar;C:\Users\alfit\.m2\repository\com\github\java-json-tools\json-schema-core\1.2.14\json-schema-core-1.2.14.jar;C:\Users\alfit\.m2\repository\com\github\java-json-tools\uri-template\0.10\uri-template-0.10.jar;C:\Users\alfit\.m2\repository\org\mozilla\rhino\1.7.7.2\rhino-1.7.7.2.jar;C:\Users\alfit\.m2\repository\com\sun\mail\mailapi\1.6.2\mailapi-1.6.2.jar;C:\Users\alfit\.m2\repository\joda-time\joda-time\2.10.5\joda-time-2.10.5.jar;C:\Users\alfit\.m2\repository\com\googlecode\libphonenumber\libphonenumber\8.11.1\libphonenumber-8.11.1.jar;C:\Users\alfit\.m2\repository\net\sf\jopt-simple\jopt-simple\5.0.4\jopt-simple-5.0.4.jar;C:\Users\alfit\.m2\repository\io\qameta\allure\allure-testng\2.7.0\allure-testng-2.7.0.jar;C:\Users\alfit\.m2\repository\io\qameta\allure\allure-descriptions-javadoc\2.7.0\allure-descriptions-javadoc-2.7.0.jar;C:\Users\alfit\.m2\repository\commons-io\commons-io\2.6\commons-io-2.6.jar;C:\Users\alfit\.m2\repository\io\qameta\allure\allure-java-commons\2.7.0\allure-java-commons-2.7.0.jar;C:\Users\alfit\.m2\repository\io\qameta\allure\allure2-model-api\1.0.0\allure2-model-api-1.0.0.jar;C:\Users\alfit\.m2\repository\io\qameta\allure\allure2-model-pojo\1.0.0\allure2-model-pojo-1.0.0.jar;C:\Users\alfit\.m2\repository\org\apache\tika\tika-core\1.14\tika-core-1.14.jar;C:\Users\alfit\.m2\repository\io\qameta\allure\allure2-model-jackson\1.0.0\allure2-model-jackson-1.0.0.jar;C:\Users\alfit\.m2\repository\com\fasterxml\jackson\module\jackson-module-jaxb-annotations\2.7.0\jackson-module-jaxb-annotations-2.7.0.jar;C:\Users\alfit\.m2\repository\org\aspectj\aspectjrt\1.9.1\aspectjrt-1.9.1.jar;C:\Users\alfit\.m2\repository\org\jooq\joor-java-8\0.9.9\joor-java-8-0.9.9.jar;"/>
    <property name="sun.cpu.endian" value="little"/>
    <property name="user.home" value="C:\Users\alfit"/>
    <property name="user.language" value="en"/>
    <property name="java.specification.vendor" value="Oracle Corporation"/>
    <property name="java.version.date" value="2023-01-17"/>
    <property name="java.home" value="C:\Users\alfit\.p2\pool\plugins\org.eclipse.justj.openjdk.hotspot.jre.full.win32.x86_64_17.0.6.v20230204-1729\jre"/>
    <property name="file.separator" value="\"/>
    <property name="style.color" value="always"/>
    <property name="basedir" value="E:\V\JKTLABS\coba"/>
    <property name="java.vm.compressedOopsMode" value="Zero based"/>
    <property name="line.separator" value="&#10;"/>
    <property name="java.vm.specification.vendor" value="Oracle Corporation"/>
    <property name="java.specification.name" value="Java Platform API Specification"/>
    <property name="surefire.real.class.path" value="C:\Users\alfit\AppData\Local\Temp\surefire4835473343359846610\surefirebooter175389753809412298.jar"/>
    <property name="user.script" value=""/>
    <property name="sun.management.compiler" value="HotSpot 64-Bit Tiered Compilers"/>
    <property name="java.runtime.version" value="17.0.6+10"/>
    <property name="user.name" value="Ruhendi"/>
    <property name="path.separator" value=";"/>
    <property name="os.version" value="10.0"/>
    <property name="java.runtime.name" value="OpenJDK Runtime Environment"/>
    <property name="file.encoding" value="Cp1252"/>
    <property name="java.vm.name" value="OpenJDK 64-Bit Server VM"/>
    <property name="java.vendor.version" value="Temurin-17.0.6+10"/>
    <property name="localRepository" value="C:\Users\alfit\.m2\repository"/>
    <property name="java.vendor.url.bug" value="https://github.com/adoptium/adoptium-support/issues"/>
    <property name="java.io.tmpdir" value="C:\Users\alfit\AppData\Local\Temp\"/>
    <property name="java.version" value="17.0.6"/>
    <property name="user.dir" value="E:\V\JKTLABS\coba"/>
    <property name="os.arch" value="amd64"/>
    <property name="java.vm.specification.name" value="Java Virtual Machine Specification"/>
    <property name="sun.os.patch.level" value=""/>
    <property name="native.encoding" value="Cp1252"/>
    <property name="java.library.path" value="C:\Users\alfit\.p2\pool\plugins\org.eclipse.justj.openjdk.hotspot.jre.full.win32.x86_64_17.0.6.v20230204-1729\jre\bin;C:\WINDOWS\Sun\Java\bin;C:\WINDOWS\system32;C:\WINDOWS;C:/Users/alfit/.p2/pool/plugins/org.eclipse.justj.openjdk.hotspot.jre.full.win32.x86_64_17.0.6.v20230204-1729/jre/bin/server;C:/Users/alfit/.p2/pool/plugins/org.eclipse.justj.openjdk.hotspot.jre.full.win32.x86_64_17.0.6.v20230204-1729/jre/bin;C:\Program Files (x86)\NVIDIA Corporation\PhysX\Common;C:\oraclexe\app\oracle\product\11.2.0\server\bin;C:\ProgramData\Oracle\Java\javapath;C:\Program Files\Common Files\Oracle\Java\javapath;C:\Program Files (x86)\Common Files\Intel\Shared Libraries\redist\intel64_win\compiler;C:\Program Files (x86)\Common Files\Oracle\Java\javapath;C:\Program Files (x86)\Common Files\Intel\Shared Libraries\redist\intel64\compiler;C:\WINDOWS\system32;C:\WINDOWS;C:\WINDOWS\System32\Wbem;C:\WINDOWS\System32\WindowsPowerShell\v1.0\;C:\WINDOWS\System32\OpenSSH\;C:\Program Files\PuTTY\;C:\Program Files\CodeBlocks\MinGW\bin;C:\xampp\php;C:\ProgramData\ComposerSetup\bin;C:\Program Files\Java\jdk1.8.0_301\bin;C:\Program Files\Cloudflare\Cloudflare WARP\;C:\Users\alfit\AppData\Local\Microsoft\WindowsApps;D:\Program File\Microsoft VS Code\bin;C:\Users\alfit\AppData\Roaming\Composer\vendor\bin;C:\OpenSSL-Win64\bin;C:\Program Files\Java\jdk1.8.0_111\bin;C:\Program Files\Java\jdk1.8.0_301\bin;C:\Program Files\Java\jdk-15\bin;C:\Program Files\Java\jre1.8.0_271\bin;C:\Program Files\Java\jre1.8.0_301\bin;;C:\WINDOWS\System32;;."/>
    <property name="java.vm.info" value="mixed mode"/>
    <property name="java.vendor" value="Eclipse Adoptium"/>
    <property name="java.vm.version" value="17.0.6+10"/>
    <property name="sun.io.unicode.encoding" value="UnicodeLittle"/>
    <property name="java.class.version" value="61.0"/>
  </properties>
  <testcase name="loginAPI" classname="tugas4.coba.APITest" time="3.052"/>
  <testcase name="dashboardAPI" classname="tugas4.coba.APITest" time="1.328"/>
  <testcase name="userAPI" classname="tugas4.coba.APITest" time="1.15"/>
  <testcase name="shouldAnswerWithTrue on shouldAnswerWithTrue(tugas4.coba.AppTest)" classname="tugas4.coba.AppTest" time="1.238"/>
</testsuite>