<?xml version="1.0" encoding="UTF-8"?>
<!-- Generated by org.testng.reporters.JUnitReportReporter -->
<testsuite hostname="Ruhendi" failures="0" tests="1" name="tugas4.coba.AppTest" time="0.005" errors="0" timestamp="25 Mar 2023 06:31:05 GMT" skipped="0">
  <testcase classname="tugas4.coba.AppTest" name="shouldAnswerWithTrue" time="0.005"/>
</testsuite> <!-- tugas4.coba.AppTest -->
