<?xml version="1.0" encoding="UTF-8"?>
<!-- Generated by org.testng.reporters.JUnitReportReporter -->
<testsuite hostname="Ruhendi" failures="0" tests="3" name="tugas4.coba.APITest" time="5.512" errors="0" timestamp="25 Mar 2023 06:31:05 GMT" skipped="0">
  <testcase classname="tugas4.coba.APITest" name="loginAPI" time="3.034"/>
  <testcase classname="tugas4.coba.APITest" name="dashboardAPI" time="1.328"/>
  <testcase classname="tugas4.coba.APITest" name="userAPI" time="1.150"/>
</testsuite> <!-- tugas4.coba.APITest -->
