<?xml version="1.0" encoding="UTF-8"?>
<!-- Generated by org.testng.reporters.JUnitReportReporter -->
<testsuite skipped="0" hostname="DESKTOP-HVJL0U4" name="yopmail.tugas3.WebTestUsingPOMManual" tests="1" failures="0" timestamp="19 Mar 2023 05:02:41 GMT" time="15.873" errors="0">
  <testcase name="testEmail" time="15.873" classname="yopmail.tugas3.WebTestUsingPOMManual"/>
</testsuite> <!-- yopmail.tugas3.WebTestUsingPOMManual -->
