<?xml version="1.0" encoding="UTF-8"?>
<!-- Generated by org.testng.reporters.JUnitReportReporter -->
<testsuite skipped="0" hostname="DESKTOP-HVJL0U4" name="yopmail.tugas3.YopmailAutomationTest" tests="1" failures="0" timestamp="18 Mar 2023 15:22:36 GMT" time="12.498" errors="0">
  <testcase name="testYopmail" time="12.498" classname="yopmail.tugas3.YopmailAutomationTest"/>
</testsuite> <!-- yopmail.tugas3.YopmailAutomationTest -->
