<?xml version="1.0" encoding="UTF-8"?>
<!-- Generated by org.testng.reporters.JUnitReportReporter -->
<testsuite hostname="DESKTOP-HVJL0U4" failures="0" tests="1" name="tugas4.coba.APITestAfterRefactor" time="10.613" errors="0" timestamp="25 Mar 2023 10:17:11 GMT" skipped="0">
  <testcase classname="tugas4.coba.APITestAfterRefactor" name="signUpAPI" time="10.613"/>
</testsuite> <!-- tugas4.coba.APITestAfterRefactor -->
