<?xml version="1.0" encoding="UTF-8"?>
<!-- Generated by org.testng.reporters.JUnitReportReporter -->
<testsuite hostname="Ruhendi" failures="0" tests="1" name="tugas4.coba.APITest" time="5.404" errors="0" timestamp="25 Mar 2023 07:36:00 GMT" skipped="0">
  <testcase classname="tugas4.coba.APITest" name="signUpAPI" time="5.404"/>
</testsuite> <!-- tugas4.coba.APITest -->
